<?xml version="1.0" encoding="UTF-8" ?>
<testsuite tests="45" failures="0" name="ui.StepDefinitions.RunCukesTest" time="19.553" errors="0" skipped="0">
  <properties>
[...]
</properties>
  <testcase classname="Scenario: Verify Title of Home Page" name="Given I am on HomePage" time="0.009"/>
  <testcase classname="Scenario: Verify Title of Home Page" name="Then Page title should be &quot;My Store&quot;" time="0"/>
  <testcase classname="Scenario: Verify Title of Home Page" name="Scenario: Verify Title of Home Page" time="3.374"/>
  <testcase classname="Scenario: Verify Item is added to the cart" name="Given I am on HomePage" time="0.003"/>
  <testcase classname="Scenario: Verify Item is added to the cart" name="When I hover over first item" time="0"/>
  <testcase classname="Scenario: Verify Item is added to the cart" name="And I click add to cart button" time="0"/>
  <testcase classname="Scenario: Verify Item is added to the cart" name="Then I should see item has been added to cart message is displayed" time="0"/>
  <testcase classname="Scenario: Verify Item is added to the cart" name="Scenario: Verify Item is added to the cart" time="3.154"/>
  <testcase classname="Scenario: Verify Registering a user" name="Given I am on HomePage" time="0"/>
  <testcase classname="Scenario: Verify Registering a user" name="When I click sign in button" time="0"/>
  <testcase classname="Scenario: Verify Registering a user" name="And I enter my email under create an account header" time="0"/>
  <testcase classname="Scenario: Verify Registering a user" name="And I click create an account button" time="0"/>
  <testcase classname="Scenario: Verify Registering a user" name="And I enter random details" time="0"/>
  <testcase classname="Scenario: Verify Registering a user" name="And I click register button" time="0"/>
  <testcase classname="Scenario: Verify Registering a user" name="Then I should see I have successfully registered" time="0"/>
  <testcase classname="Scenario: Verify Registering a user" name="Scenario: Verify Registering a user" time="3.08"/>
  <testcase classname="Scenario: Verify Login a user" name="Given I am on HomePage" time="0"/>
  <testcase classname="Scenario: Verify Login a user" name="When I click sign in button" time="0"/>
  <testcase classname="Scenario: Verify Login a user" name="And I enter my Email" time="0"/>
  <testcase classname="Scenario: Verify Login a user" name="And I enter my password" time="0"/>
  <testcase classname="Scenario: Verify Login a user" name="And I click login button" time="0"/>
  <testcase classname="Scenario: Verify Login a user" name="Then I should see I have successfully logged in" time="0"/>
  <testcase classname="Scenario: Verify Login a user" name="Scenario: Verify Login a user" time="3.008"/>
  <testcase classname="Scenario: Verify Login a user" name="Given I am on HomePage" time="0"/>
  <testcase classname="Scenario: Verify Login a user" name="When I click sign in button" time="0"/>
  <testcase classname="Scenario: Verify Login a user" name="And I enter Random Email" time="0"/>
  <testcase classname="Scenario: Verify Login a user" name="And I enter Random Password" time="0"/>
  <testcase classname="Scenario: Verify Login a user" name="And I click login button" time="0"/>
  <testcase classname="Scenario: Verify Login a user" name="Then I should see login error is displayed" time="0"/>
  <testcase classname="Scenario: Verify Login a user" name="Scenario: Verify Login a user" time="2.96"/>
  <testcase classname="Scenario: Verify purchase item path" name="Given I am on HomePage" time="0.001"/>
  <testcase classname="Scenario: Verify purchase item path" name="When I hover over first item" time="0"/>
  <testcase classname="Scenario: Verify purchase item path" name="And I click add to cart button" time="0"/>
  <testcase classname="Scenario: Verify purchase item path" name="And I click checkout button" time="0"/>
  <testcase classname="Scenario: Verify purchase item path" name="And I click proceed to checkout button" time="0"/>
  <testcase classname="Scenario: Verify purchase item path" name="And I enter my Email" time="0"/>
  <testcase classname="Scenario: Verify purchase item path" name="And I enter my password" time="0"/>
  <testcase classname="Scenario: Verify purchase item path" name="And I click login button" time="0"/>
  <testcase classname="Scenario: Verify purchase item path" name="And I click Proceed to shipment button" time="0"/>
  <testcase classname="Scenario: Verify purchase item path" name="And I accept Terms and Conditions" time="0"/>
  <testcase classname="Scenario: Verify purchase item path" name="And I click proceed to payment button" time="0"/>
  <testcase classname="Scenario: Verify purchase item path" name="And I click Pay by bank button" time="0"/>
  <testcase classname="Scenario: Verify purchase item path" name="And I click confirm my order button" time="0"/>
  <testcase classname="Scenario: Verify purchase item path" name="Then I should see text &quot;Your order on My Store is complete.&quot; on the page" time="0"/>
  <testcase classname="Scenario: Verify purchase item path" name="Scenario: Verify purchase item path" time="3.964"/>
</testsuite>